mode: set
github.com/zapproject/zap-miner/tracker/disputeChecker.go:29.42,31.2 1 1
github.com/zapproject/zap-miner/tracker/disputeChecker.go:42.83,49.25 4 1
github.com/zapproject/zap-miner/tracker/disputeChecker.go:58.2,58.26 1 1
github.com/zapproject/zap-miner/tracker/disputeChecker.go:62.2,65.32 3 1
github.com/zapproject/zap-miner/tracker/disputeChecker.go:73.2,88.3 7 1
github.com/zapproject/zap-miner/tracker/disputeChecker.go:49.25,52.23 3 1
github.com/zapproject/zap-miner/tracker/disputeChecker.go:52.23,55.4 2 1
github.com/zapproject/zap-miner/tracker/disputeChecker.go:58.26,60.3 1 0
github.com/zapproject/zap-miner/tracker/disputeChecker.go:65.32,66.15 1 1
github.com/zapproject/zap-miner/tracker/disputeChecker.go:69.3,69.15 1 1
github.com/zapproject/zap-miner/tracker/disputeChecker.go:66.15,68.4 1 1
github.com/zapproject/zap-miner/tracker/disputeChecker.go:69.15,71.4 1 1
github.com/zapproject/zap-miner/tracker/disputeChecker.go:91.58,96.16 3 1
github.com/zapproject/zap-miner/tracker/disputeChecker.go:99.2,99.29 1 1
github.com/zapproject/zap-miner/tracker/disputeChecker.go:103.2,106.45 3 1
github.com/zapproject/zap-miner/tracker/disputeChecker.go:110.2,111.16 2 1
github.com/zapproject/zap-miner/tracker/disputeChecker.go:114.2,128.16 7 1
github.com/zapproject/zap-miner/tracker/disputeChecker.go:131.2,132.25 2 1
github.com/zapproject/zap-miner/tracker/disputeChecker.go:177.2,178.12 2 1
github.com/zapproject/zap-miner/tracker/disputeChecker.go:96.16,98.3 1 0
github.com/zapproject/zap-miner/tracker/disputeChecker.go:99.29,101.3 1 0
github.com/zapproject/zap-miner/tracker/disputeChecker.go:106.45,108.3 1 0
github.com/zapproject/zap-miner/tracker/disputeChecker.go:111.16,113.3 1 0
github.com/zapproject/zap-miner/tracker/disputeChecker.go:128.16,130.3 1 0
github.com/zapproject/zap-miner/tracker/disputeChecker.go:132.25,135.17 3 1
github.com/zapproject/zap-miner/tracker/disputeChecker.go:138.3,139.10 2 1
github.com/zapproject/zap-miner/tracker/disputeChecker.go:147.3,149.20 3 1
github.com/zapproject/zap-miner/tracker/disputeChecker.go:153.3,153.26 1 1
github.com/zapproject/zap-miner/tracker/disputeChecker.go:135.17,137.4 1 0
github.com/zapproject/zap-miner/tracker/disputeChecker.go:139.10,141.18 2 1
github.com/zapproject/zap-miner/tracker/disputeChecker.go:144.4,145.41 2 1
github.com/zapproject/zap-miner/tracker/disputeChecker.go:141.18,143.5 1 0
github.com/zapproject/zap-miner/tracker/disputeChecker.go:149.20,151.12 2 0
github.com/zapproject/zap-miner/tracker/disputeChecker.go:153.26,156.41 3 1
github.com/zapproject/zap-miner/tracker/disputeChecker.go:165.4,169.18 5 1
github.com/zapproject/zap-miner/tracker/disputeChecker.go:156.41,159.18 3 1
github.com/zapproject/zap-miner/tracker/disputeChecker.go:159.18,161.6 1 0
github.com/zapproject/zap-miner/tracker/disputeChecker.go:161.11,163.6 1 1
github.com/zapproject/zap-miner/tracker/disputeChecker.go:169.18,171.5 1 0
github.com/zapproject/zap-miner/tracker/disputeChecker.go:172.9,174.4 1 1
github.com/zapproject/zap-miner/tracker/newCurrentVariables.go:33.54,35.2 1 0
github.com/zapproject/zap-miner/tracker/newCurrentVariables.go:38.70,52.16 7 0
github.com/zapproject/zap-miner/tracker/newCurrentVariables.go:56.2,56.108 1 0
github.com/zapproject/zap-miner/tracker/newCurrentVariables.go:60.2,66.16 4 0
github.com/zapproject/zap-miner/tracker/newCurrentVariables.go:70.2,71.14 2 0
github.com/zapproject/zap-miner/tracker/newCurrentVariables.go:75.2,86.16 5 0
github.com/zapproject/zap-miner/tracker/newCurrentVariables.go:90.2,91.16 2 0
github.com/zapproject/zap-miner/tracker/newCurrentVariables.go:95.2,96.16 2 0
github.com/zapproject/zap-miner/tracker/newCurrentVariables.go:101.2,101.25 1 0
github.com/zapproject/zap-miner/tracker/newCurrentVariables.go:110.2,111.16 2 0
github.com/zapproject/zap-miner/tracker/newCurrentVariables.go:116.2,117.16 2 0
github.com/zapproject/zap-miner/tracker/newCurrentVariables.go:122.2,122.46 1 0
github.com/zapproject/zap-miner/tracker/newCurrentVariables.go:52.16,55.3 2 0
github.com/zapproject/zap-miner/tracker/newCurrentVariables.go:56.108,59.3 2 0
github.com/zapproject/zap-miner/tracker/newCurrentVariables.go:66.16,69.3 2 0
github.com/zapproject/zap-miner/tracker/newCurrentVariables.go:71.14,73.3 1 0
github.com/zapproject/zap-miner/tracker/newCurrentVariables.go:86.16,89.3 2 0
github.com/zapproject/zap-miner/tracker/newCurrentVariables.go:91.16,94.3 2 0
github.com/zapproject/zap-miner/tracker/newCurrentVariables.go:96.16,99.3 2 0
github.com/zapproject/zap-miner/tracker/newCurrentVariables.go:101.25,104.17 3 0
github.com/zapproject/zap-miner/tracker/newCurrentVariables.go:104.17,107.4 2 0
github.com/zapproject/zap-miner/tracker/newCurrentVariables.go:111.16,114.3 2 0
github.com/zapproject/zap-miner/tracker/newCurrentVariables.go:117.16,120.3 2 0
github.com/zapproject/zap-miner/tracker/tributeBalance.go:21.40,23.2 1 1
github.com/zapproject/zap-miner/tracker/tributeBalance.go:25.56,45.16 9 1
github.com/zapproject/zap-miner/tracker/tributeBalance.go:50.2,64.21 4 1
github.com/zapproject/zap-miner/tracker/tributeBalance.go:69.2,70.16 2 1
github.com/zapproject/zap-miner/tracker/tributeBalance.go:74.2,75.48 2 1
github.com/zapproject/zap-miner/tracker/tributeBalance.go:45.16,48.3 2 0
github.com/zapproject/zap-miner/tracker/tributeBalance.go:64.21,66.3 1 1
github.com/zapproject/zap-miner/tracker/tributeBalance.go:70.16,73.3 2 0
github.com/zapproject/zap-miner/tracker/valueGenerators.go:29.23,32.39 2 1
github.com/zapproject/zap-miner/tracker/valueGenerators.go:41.2,41.12 1 1
github.com/zapproject/zap-miner/tracker/valueGenerators.go:32.39,34.28 2 1
github.com/zapproject/zap-miner/tracker/valueGenerators.go:34.28,36.11 2 1
github.com/zapproject/zap-miner/tracker/valueGenerators.go:36.11,38.5 1 0
github.com/zapproject/zap-miner/tracker/valueGenerators.go:44.70,49.31 4 1
github.com/zapproject/zap-miner/tracker/valueGenerators.go:62.2,62.59 1 1
github.com/zapproject/zap-miner/tracker/valueGenerators.go:49.31,52.22 2 1
github.com/zapproject/zap-miner/tracker/valueGenerators.go:55.3,55.33 1 1
github.com/zapproject/zap-miner/tracker/valueGenerators.go:58.3,58.23 1 1
github.com/zapproject/zap-miner/tracker/valueGenerators.go:52.22,54.4 1 0
github.com/zapproject/zap-miner/tracker/valueGenerators.go:55.33,57.4 1 1
github.com/zapproject/zap-miner/tracker/valueGenerators.go:65.69,69.35 3 1
github.com/zapproject/zap-miner/tracker/valueGenerators.go:81.2,81.37 1 1
github.com/zapproject/zap-miner/tracker/valueGenerators.go:110.2,110.12 1 1
github.com/zapproject/zap-miner/tracker/valueGenerators.go:69.35,71.41 2 1
github.com/zapproject/zap-miner/tracker/valueGenerators.go:71.41,73.10 2 1
github.com/zapproject/zap-miner/tracker/valueGenerators.go:73.10,75.10 2 1
github.com/zapproject/zap-miner/tracker/valueGenerators.go:81.37,87.50 3 1
github.com/zapproject/zap-miner/tracker/valueGenerators.go:95.3,105.17 8 1
github.com/zapproject/zap-miner/tracker/valueGenerators.go:87.50,90.12 1 1
github.com/zapproject/zap-miner/tracker/valueGenerators.go:105.17,107.4 1 0
github.com/zapproject/zap-miner/tracker/balance.go:21.42,24.2 1 1
github.com/zapproject/zap-miner/tracker/balance.go:27.58,46.16 7 1
github.com/zapproject/zap-miner/tracker/balance.go:54.2,63.43 3 1
github.com/zapproject/zap-miner/tracker/balance.go:46.16,51.3 2 1
github.com/zapproject/zap-miner/tracker/currentVariables.go:23.51,25.2 1 1
github.com/zapproject/zap-miner/tracker/currentVariables.go:28.67,42.16 7 1
github.com/zapproject/zap-miner/tracker/currentVariables.go:48.2,49.16 2 1
github.com/zapproject/zap-miner/tracker/currentVariables.go:53.2,54.14 2 1
github.com/zapproject/zap-miner/tracker/currentVariables.go:57.2,91.46 9 1
github.com/zapproject/zap-miner/tracker/currentVariables.go:42.16,45.3 2 0
github.com/zapproject/zap-miner/tracker/currentVariables.go:49.16,52.3 2 0
github.com/zapproject/zap-miner/tracker/currentVariables.go:54.14,56.3 1 1
github.com/zapproject/zap-miner/tracker/factory.go:6.52,7.14 1 1
github.com/zapproject/zap-miner/tracker/factory.go:8.17,9.3 1 1
github.com/zapproject/zap-miner/tracker/factory.go:12.17,13.3 1 1
github.com/zapproject/zap-miner/tracker/factory.go:16.26,17.3 1 1
github.com/zapproject/zap-miner/tracker/factory.go:20.23,21.3 1 1
github.com/zapproject/zap-miner/tracker/factory.go:24.13,25.3 1 1
github.com/zapproject/zap-miner/tracker/factory.go:28.29,29.3 1 1
github.com/zapproject/zap-miner/tracker/factory.go:32.22,33.3 1 1
github.com/zapproject/zap-miner/tracker/factory.go:36.18,37.3 1 1
github.com/zapproject/zap-miner/tracker/factory.go:40.24,41.43 1 1
github.com/zapproject/zap-miner/tracker/factory.go:42.10,43.62 1 1
github.com/zapproject/zap-miner/tracker/factory.go:9.3,11.4 1 1
github.com/zapproject/zap-miner/tracker/factory.go:13.3,15.4 1 1
github.com/zapproject/zap-miner/tracker/factory.go:17.3,19.4 1 1
github.com/zapproject/zap-miner/tracker/factory.go:21.3,23.4 1 1
github.com/zapproject/zap-miner/tracker/factory.go:25.3,27.4 1 1
github.com/zapproject/zap-miner/tracker/factory.go:29.3,31.4 1 1
github.com/zapproject/zap-miner/tracker/factory.go:33.3,35.4 1 1
github.com/zapproject/zap-miner/tracker/factory.go:37.3,39.4 1 1
github.com/zapproject/zap-miner/tracker/psrs.go:24.45,26.2 1 0
github.com/zapproject/zap-miner/tracker/psrs.go:29.48,31.2 1 0
github.com/zapproject/zap-miner/tracker/psrs.go:34.44,36.2 1 0
github.com/zapproject/zap-miner/tracker/psrs.go:38.104,39.81 1 0
github.com/zapproject/zap-miner/tracker/psrs.go:39.81,46.28 7 0
github.com/zapproject/zap-miner/tracker/psrs.go:63.3,79.55 7 0
github.com/zapproject/zap-miner/tracker/psrs.go:46.28,48.29 2 0
github.com/zapproject/zap-miner/tracker/psrs.go:48.29,54.45 6 0
github.com/zapproject/zap-miner/tracker/psrs.go:57.5,57.29 1 0
github.com/zapproject/zap-miner/tracker/psrs.go:54.45,56.6 1 0
github.com/zapproject/zap-miner/tracker/psrs.go:57.29,59.6 1 0
github.com/zapproject/zap-miner/tracker/psrs.go:83.66,84.81 1 0
github.com/zapproject/zap-miner/tracker/psrs.go:84.81,87.28 3 0
github.com/zapproject/zap-miner/tracker/psrs.go:95.3,95.77 1 0
github.com/zapproject/zap-miner/tracker/psrs.go:87.28,90.22 2 0
github.com/zapproject/zap-miner/tracker/psrs.go:90.22,93.5 2 0
github.com/zapproject/zap-miner/tracker/psrs.go:99.85,102.27 3 1
github.com/zapproject/zap-miner/tracker/psrs.go:110.2,110.47 1 1
github.com/zapproject/zap-miner/tracker/psrs.go:102.27,104.15 2 1
github.com/zapproject/zap-miner/tracker/psrs.go:104.15,108.4 2 1
github.com/zapproject/zap-miner/tracker/psrs.go:113.82,115.21 2 1
github.com/zapproject/zap-miner/tracker/psrs.go:118.2,118.35 1 1
github.com/zapproject/zap-miner/tracker/psrs.go:115.21,117.3 1 0
github.com/zapproject/zap-miner/tracker/psrs.go:121.85,123.21 2 0
github.com/zapproject/zap-miner/tracker/psrs.go:126.2,126.27 1 0
github.com/zapproject/zap-miner/tracker/psrs.go:134.2,134.33 1 0
github.com/zapproject/zap-miner/tracker/psrs.go:123.21,125.3 1 0
github.com/zapproject/zap-miner/tracker/psrs.go:126.27,128.44 1 0
github.com/zapproject/zap-miner/tracker/psrs.go:128.44,132.4 3 0
github.com/zapproject/zap-miner/tracker/psrs.go:137.85,142.2 4 0
github.com/zapproject/zap-miner/tracker/psrs.go:144.63,146.41 2 1
github.com/zapproject/zap-miner/tracker/psrs.go:149.2,150.29 2 1
github.com/zapproject/zap-miner/tracker/psrs.go:153.2,153.15 1 1
github.com/zapproject/zap-miner/tracker/psrs.go:146.41,148.3 1 1
github.com/zapproject/zap-miner/tracker/psrs.go:150.29,152.3 1 1
github.com/zapproject/zap-miner/tracker/psrs.go:156.80,158.21 2 1
github.com/zapproject/zap-miner/tracker/psrs.go:161.2,161.33 1 1
github.com/zapproject/zap-miner/tracker/psrs.go:158.21,160.3 1 0
github.com/zapproject/zap-miner/tracker/psrs.go:164.59,168.27 4 1
github.com/zapproject/zap-miner/tracker/psrs.go:172.2,174.15 3 1
github.com/zapproject/zap-miner/tracker/psrs.go:168.27,171.3 2 1
github.com/zapproject/zap-miner/tracker/psrs.go:177.72,180.27 3 0
github.com/zapproject/zap-miner/tracker/psrs.go:184.2,184.16 1 0
github.com/zapproject/zap-miner/tracker/psrs.go:188.2,189.27 2 0
github.com/zapproject/zap-miner/tracker/psrs.go:192.2,192.77 1 0
github.com/zapproject/zap-miner/tracker/psrs.go:180.27,183.3 2 0
github.com/zapproject/zap-miner/tracker/psrs.go:184.16,186.3 1 0
github.com/zapproject/zap-miner/tracker/psrs.go:189.27,191.3 1 0
github.com/zapproject/zap-miner/tracker/runner.go:26.65,28.2 1 1
github.com/zapproject/zap-miner/tracker/runner.go:31.68,36.36 5 1
github.com/zapproject/zap-miner/tracker/runner.go:44.2,44.39 1 1
github.com/zapproject/zap-miner/tracker/runner.go:52.2,52.24 1 1
github.com/zapproject/zap-miner/tracker/runner.go:55.2,59.27 4 1
github.com/zapproject/zap-miner/tracker/runner.go:69.2,71.50 3 1
github.com/zapproject/zap-miner/tracker/runner.go:74.2,74.46 1 1
github.com/zapproject/zap-miner/tracker/runner.go:79.2,80.17 2 1
github.com/zapproject/zap-miner/tracker/runner.go:86.2,89.12 2 1
github.com/zapproject/zap-miner/tracker/runner.go:119.2,119.12 1 1
github.com/zapproject/zap-miner/tracker/runner.go:36.36,38.17 2 1
github.com/zapproject/zap-miner/tracker/runner.go:42.3,42.36 1 1
github.com/zapproject/zap-miner/tracker/runner.go:38.17,40.12 2 0
github.com/zapproject/zap-miner/tracker/runner.go:44.39,46.17 2 1
github.com/zapproject/zap-miner/tracker/runner.go:50.3,50.36 1 1
github.com/zapproject/zap-miner/tracker/runner.go:46.17,48.12 2 0
github.com/zapproject/zap-miner/tracker/runner.go:52.24,54.3 1 0
github.com/zapproject/zap-miner/tracker/runner.go:59.27,62.17 3 1
github.com/zapproject/zap-miner/tracker/runner.go:66.3,66.83 1 1
github.com/zapproject/zap-miner/tracker/runner.go:62.17,65.4 2 0
github.com/zapproject/zap-miner/tracker/runner.go:71.50,73.3 1 1
github.com/zapproject/zap-miner/tracker/runner.go:74.46,76.3 1 1
github.com/zapproject/zap-miner/tracker/runner.go:80.17,81.26 1 1
github.com/zapproject/zap-miner/tracker/runner.go:84.3,84.25 1 0
github.com/zapproject/zap-miner/tracker/runner.go:81.26,83.4 1 1
github.com/zapproject/zap-miner/tracker/runner.go:89.12,91.7 2 1
github.com/zapproject/zap-miner/tracker/runner.go:91.7,92.11 1 1
github.com/zapproject/zap-miner/tracker/runner.go:93.22,94.5 1 1
github.com/zapproject/zap-miner/tracker/runner.go:99.24,100.5 1 1
github.com/zapproject/zap-miner/tracker/runner.go:94.5,98.6 3 1
github.com/zapproject/zap-miner/tracker/runner.go:100.5,102.25 1 1
github.com/zapproject/zap-miner/tracker/runner.go:113.6,113.9 1 1
github.com/zapproject/zap-miner/tracker/runner.go:102.25,105.21 3 1
github.com/zapproject/zap-miner/tracker/runner.go:109.7,109.32 1 1
github.com/zapproject/zap-miner/tracker/runner.go:105.21,107.8 1 0
github.com/zapproject/zap-miner/tracker/runner.go:109.32,111.8 1 1
github.com/zapproject/zap-miner/tracker/runner.go:123.36,125.2 1 1
github.com/zapproject/zap-miner/tracker/timeOut.go:27.42,29.2 1 0
github.com/zapproject/zap-miner/tracker/timeOut.go:32.58,48.16 8 0
github.com/zapproject/zap-miner/tracker/timeOut.go:52.2,54.16 3 0
github.com/zapproject/zap-miner/tracker/timeOut.go:57.2,62.16 5 0
github.com/zapproject/zap-miner/tracker/timeOut.go:66.2,68.16 3 0
github.com/zapproject/zap-miner/tracker/timeOut.go:79.2,79.43 1 0
github.com/zapproject/zap-miner/tracker/timeOut.go:103.2,103.12 1 0
github.com/zapproject/zap-miner/tracker/timeOut.go:48.16,51.3 2 0
github.com/zapproject/zap-miner/tracker/timeOut.go:54.16,56.3 1 0
github.com/zapproject/zap-miner/tracker/timeOut.go:62.16,65.3 2 0
github.com/zapproject/zap-miner/tracker/timeOut.go:68.16,71.3 2 0
github.com/zapproject/zap-miner/tracker/timeOut.go:79.43,82.17 3 0
github.com/zapproject/zap-miner/tracker/timeOut.go:85.3,89.17 5 0
github.com/zapproject/zap-miner/tracker/timeOut.go:92.3,92.25 1 0
github.com/zapproject/zap-miner/tracker/timeOut.go:95.3,98.17 4 0
github.com/zapproject/zap-miner/tracker/timeOut.go:82.17,84.4 1 0
github.com/zapproject/zap-miner/tracker/timeOut.go:89.17,91.4 1 0
github.com/zapproject/zap-miner/tracker/timeOut.go:92.25,94.4 1 0
github.com/zapproject/zap-miner/tracker/timeOut.go:98.17,100.4 1 0
github.com/zapproject/zap-miner/tracker/ampl.go:13.63,20.2 1 0
github.com/zapproject/zap-miner/tracker/ampl.go:22.82,24.25 2 0
github.com/zapproject/zap-miner/tracker/ampl.go:27.2,27.58 1 0
github.com/zapproject/zap-miner/tracker/ampl.go:24.25,26.3 1 0
github.com/zapproject/zap-miner/tracker/ampl.go:31.54,32.81 1 0
github.com/zapproject/zap-miner/tracker/ampl.go:32.81,53.28 10 0
github.com/zapproject/zap-miner/tracker/ampl.go:75.3,79.14 4 0
github.com/zapproject/zap-miner/tracker/ampl.go:53.28,56.25 3 0
github.com/zapproject/zap-miner/tracker/ampl.go:61.4,62.25 2 0
github.com/zapproject/zap-miner/tracker/ampl.go:67.4,68.30 2 0
github.com/zapproject/zap-miner/tracker/ampl.go:71.4,71.13 1 0
github.com/zapproject/zap-miner/tracker/ampl.go:56.25,59.13 1 0
github.com/zapproject/zap-miner/tracker/ampl.go:62.25,65.13 1 0
github.com/zapproject/zap-miner/tracker/ampl.go:68.30,70.5 1 0
github.com/zapproject/zap-miner/tracker/ampl.go:79.14,82.4 1 0
github.com/zapproject/zap-miner/tracker/ampl.go:82.9,84.4 1 0
github.com/zapproject/zap-miner/tracker/disputeStatus.go:24.42,26.2 1 1
github.com/zapproject/zap-miner/tracker/disputeStatus.go:29.58,49.16 9 1
github.com/zapproject/zap-miner/tracker/disputeStatus.go:54.2,56.16 2 1
github.com/zapproject/zap-miner/tracker/disputeStatus.go:60.2,63.16 4 1
github.com/zapproject/zap-miner/tracker/disputeStatus.go:74.2,74.43 1 1
github.com/zapproject/zap-miner/tracker/disputeStatus.go:89.2,89.12 1 1
github.com/zapproject/zap-miner/tracker/disputeStatus.go:49.16,52.3 2 0
github.com/zapproject/zap-miner/tracker/disputeStatus.go:56.16,59.3 2 0
github.com/zapproject/zap-miner/tracker/disputeStatus.go:63.16,66.3 2 0
github.com/zapproject/zap-miner/tracker/disputeStatus.go:74.43,78.17 3 1
github.com/zapproject/zap-miner/tracker/disputeStatus.go:81.3,84.17 4 1
github.com/zapproject/zap-miner/tracker/disputeStatus.go:78.17,80.4 1 0
github.com/zapproject/zap-miner/tracker/disputeStatus.go:84.17,86.4 1 0
github.com/zapproject/zap-miner/tracker/singleSymbol.go:15.71,19.2 3 1
github.com/zapproject/zap-miner/tracker/singleSymbol.go:21.90,23.2 1 1
github.com/zapproject/zap-miner/tracker/retryFetcher.go:15.13,17.2 1 1
github.com/zapproject/zap-miner/tracker/retryFetcher.go:28.58,30.2 1 1
github.com/zapproject/zap-miner/tracker/retryFetcher.go:32.73,39.16 5 1
github.com/zapproject/zap-miner/tracker/retryFetcher.go:55.2,57.16 3 1
github.com/zapproject/zap-miner/tracker/retryFetcher.go:61.2,61.46 1 1
github.com/zapproject/zap-miner/tracker/retryFetcher.go:75.2,75.18 1 1
github.com/zapproject/zap-miner/tracker/retryFetcher.go:39.16,43.28 3 1
github.com/zapproject/zap-miner/tracker/retryFetcher.go:48.3,52.36 3 0
github.com/zapproject/zap-miner/tracker/retryFetcher.go:43.28,46.4 2 1
github.com/zapproject/zap-miner/tracker/retryFetcher.go:57.16,59.3 1 0
github.com/zapproject/zap-miner/tracker/retryFetcher.go:61.46,66.28 3 1
github.com/zapproject/zap-miner/tracker/retryFetcher.go:70.3,73.36 2 1
github.com/zapproject/zap-miner/tracker/retryFetcher.go:66.28,68.4 1 1
github.com/zapproject/zap-miner/tracker/timedSwitch.go:15.71,16.20 1 0
github.com/zapproject/zap-miner/tracker/timedSwitch.go:16.20,18.3 1 0
github.com/zapproject/zap-miner/tracker/timedSwitch.go:18.8,20.3 1 0
github.com/zapproject/zap-miner/tracker/timedSwitch.go:23.90,26.20 1 0
github.com/zapproject/zap-miner/tracker/timedSwitch.go:26.20,28.3 1 0
github.com/zapproject/zap-miner/tracker/timedSwitch.go:28.8,30.3 1 0
github.com/zapproject/zap-miner/tracker/gas.go:32.38,34.2 1 1
github.com/zapproject/zap-miner/tracker/gas.go:37.54,42.16 4 1
github.com/zapproject/zap-miner/tracker/gas.go:47.2,49.35 2 1
github.com/zapproject/zap-miner/tracker/gas.go:71.2,72.39 2 1
github.com/zapproject/zap-miner/tracker/gas.go:42.16,45.3 2 0
github.com/zapproject/zap-miner/tracker/gas.go:49.35,53.17 4 1
github.com/zapproject/zap-miner/tracker/gas.go:53.17,55.4 1 0
github.com/zapproject/zap-miner/tracker/gas.go:55.9,58.18 3 1
github.com/zapproject/zap-miner/tracker/gas.go:58.18,61.5 2 0
github.com/zapproject/zap-miner/tracker/gas.go:61.10,65.5 3 1
github.com/zapproject/zap-miner/tracker/gas.go:67.8,69.3 1 0
github.com/zapproject/zap-miner/tracker/index.go:21.13,23.2 1 1
github.com/zapproject/zap-miner/tracker/index.go:30.46,33.16 3 1
github.com/zapproject/zap-miner/tracker/index.go:37.2,41.16 4 1
github.com/zapproject/zap-miner/tracker/index.go:44.2,46.16 3 1
github.com/zapproject/zap-miner/tracker/index.go:50.2,57.40 4 1
github.com/zapproject/zap-miner/tracker/index.go:96.2,98.42 2 1
github.com/zapproject/zap-miner/tracker/index.go:105.2,109.39 3 1
github.com/zapproject/zap-miner/tracker/index.go:114.2,115.16 2 1
github.com/zapproject/zap-miner/tracker/index.go:119.2,119.22 1 1
github.com/zapproject/zap-miner/tracker/index.go:33.16,35.3 1 0
github.com/zapproject/zap-miner/tracker/index.go:41.16,43.3 1 0
github.com/zapproject/zap-miner/tracker/index.go:46.16,48.3 1 0
github.com/zapproject/zap-miner/tracker/index.go:57.40,58.28 1 1
github.com/zapproject/zap-miner/tracker/index.go:58.28,61.11 2 1
github.com/zapproject/zap-miner/tracker/index.go:84.4,92.73 5 1
github.com/zapproject/zap-miner/tracker/index.go:61.11,65.43 4 1
github.com/zapproject/zap-miner/tracker/index.go:76.5,81.6 1 1
github.com/zapproject/zap-miner/tracker/index.go:65.43,68.20 3 1
github.com/zapproject/zap-miner/tracker/index.go:71.6,71.19 1 1
github.com/zapproject/zap-miner/tracker/index.go:68.20,70.7 1 0
github.com/zapproject/zap-miner/tracker/index.go:72.11,75.6 2 0
github.com/zapproject/zap-miner/tracker/index.go:98.42,102.3 2 1
github.com/zapproject/zap-miner/tracker/index.go:109.39,111.3 1 1
github.com/zapproject/zap-miner/tracker/index.go:115.16,117.3 1 0
github.com/zapproject/zap-miner/tracker/index.go:138.41,140.2 1 1
github.com/zapproject/zap-miner/tracker/index.go:146.42,148.2 1 0
github.com/zapproject/zap-miner/tracker/index.go:150.56,152.16 2 1
github.com/zapproject/zap-miner/tracker/index.go:156.2,157.16 2 1
github.com/zapproject/zap-miner/tracker/index.go:162.2,163.20 2 1
github.com/zapproject/zap-miner/tracker/index.go:168.2,170.35 2 1
github.com/zapproject/zap-miner/tracker/index.go:152.16,154.3 1 0
github.com/zapproject/zap-miner/tracker/index.go:157.16,159.3 1 0
github.com/zapproject/zap-miner/tracker/index.go:163.20,165.3 1 1
github.com/zapproject/zap-miner/tracker/index.go:173.40,175.2 1 1
